<?xml version="1.0" encoding="UTF-8" standalone="yes" ?>
<test-results name="C:\TesteDelphi\TesteDelphi\Fontes\testes\Win32\Debug\TestesProva.exe" total="3" errors="0" failures="1" ignored="0" inconclusive="0" not-run="0" skipped="0" invalid="0" date="2022-06-13" time="0.070">
  <culture-info current-culture="en" current-uiculture="en" />
  <test-suite type="Assembly" name="TestesProva.exe" executed="true" result="Failure" success="False" time="0.070" asserts="0">
    <results>
        <test-suite type="Namespace" name="TestesProvaDelphi" executed="true" result="Failure" success="False" time="0.070" asserts="0" >
          <results>
              <test-suite type="Fixture" name="TTestesProvaDelphi" executed="True" result="Failure" success="False" time="0.070" >
                <results>
                  <test-case name="TestaGeracaoSQL" executed="True" result="Success" success="True" time="0.000" asserts="0" />
                  <test-case name="TestaValorTotalProjeto" executed="True" result="Success" success="True" time="0.000" asserts="0" />
                  <test-case name="TestaValorDivisoesProjeto" executed="True" result="Failure" success="False" time="0.051" asserts="0" >
                    <failure>
                      <message>
                        <![CDATA[ Expected 11,84 but got 11,83  ]]>
                      </message>
                      <stack-trace>
                        <![CDATA[  ]]>
                      </stack-trace>
                    </failure>
                  </test-case>
                </results>
              </test-suite>
          </results>
        </test-suite>
    </results>
  </test-suite>
</test-results>
